<?xml version="1.0" encoding="UTF-8"?>
<!-- Generated by org.testng.reporters.JUnitReportReporter -->
<testsuite hostname="Mark-PC" name="test.BackpropagationTest$GenerationTest" tests="4" failures="0" timestamp="22 Sep 2015 15:42:23 GMT" time="14.104" errors="0">
  <testcase name="testBackPropagtion" time="14.072" classname="test.BackpropagationTest$GenerationTest"/>
  <testcase name="testMatrixMultiplication" time="0.000" classname="test.BackpropagationTest$GenerationTest"/>
  <testcase name="testApplySigmaDerivativeOnVector" time="0.032" classname="test.BackpropagationTest$GenerationTest"/>
  <testcase name="testBackPropagtionWeightMatrixDimensions" time="0.000" classname="test.BackpropagationTest$GenerationTest"/>
</testsuite> <!-- test.BackpropagationTest$GenerationTest -->
