<?xml version="1.0" encoding="UTF-8"?>
<!-- Generated by org.testng.reporters.JUnitReportReporter -->
<testsuite hostname="Mark-PC" name="test.NeuralNetworkTest" tests="3" failures="0" timestamp="10 Sep 2015 21:04:38 GMT" time="0.034" errors="0">
  <testcase name="testANN2" time="0.000" classname="test.NeuralNetworkTest"/>
  <testcase name="testANN3" time="0.001" classname="test.NeuralNetworkTest"/>
  <testcase name="testANN1" time="0.033" classname="test.NeuralNetworkTest"/>
</testsuite> <!-- test.NeuralNetworkTest -->
