<?xml version="1.0" encoding="UTF-8"?>
<!-- Generated by org.testng.reporters.JUnitReportReporter -->
<testsuite hostname="Mark-PC" name="test.BackpropagationTest$GenerationTest" tests="1" failures="0" timestamp="10 Sep 2015 13:04:14 GMT" time="0.047" errors="0">
  <testcase name="testBackPropagtionWeightMatrix" time="0.047" classname="test.BackpropagationTest$GenerationTest"/>
</testsuite> <!-- test.BackpropagationTest$GenerationTest -->
