<?xml version="1.0" encoding="UTF-8"?>
<!-- Generated by org.testng.reporters.JUnitReportReporter -->
<testsuite hostname="Mark-PC" name="test.BackpropagationTest$GenerationTest" tests="3" failures="0" timestamp="19 Sep 2015 10:19:58 GMT" time="23.458" errors="0">
  <testcase name="testBackPropagtion" time="23.408" classname="test.BackpropagationTest$GenerationTest"/>
  <testcase name="testApplySigmaDerivativeOnVector" time="0.040" classname="test.BackpropagationTest$GenerationTest"/>
  <testcase name="testBackPropagtionWeightMatrixDimensions" time="0.010" classname="test.BackpropagationTest$GenerationTest"/>
</testsuite> <!-- test.BackpropagationTest$GenerationTest -->
