<?xml version="1.0" encoding="UTF-8"?>
<!-- Generated by org.testng.reporters.JUnitReportReporter -->
<testsuite hostname="Mark-PC" name="test.BackpropagationTest$GenerationTest" tests="1" failures="0" timestamp="15 Sep 2015 21:28:51 GMT" time="0.078" errors="0">
  <testcase name="testBackPropagtion" time="0.078" classname="test.BackpropagationTest$GenerationTest"/>
</testsuite> <!-- test.BackpropagationTest$GenerationTest -->
